  Compiling CUDA source file ..\src\activation_kernels.cu...
  Compiling CUDA source file ..\src\avgpool_layer_kernels.cu...
  Compiling CUDA source file ..\src\blas_kernels.cu...
  Compiling CUDA source file ..\src\col2im_kernels.cu...
  Compiling CUDA source file ..\src\deconvolutional_kernels.cu...
  Compiling CUDA source file ..\src\convolutional_kernels.cu...
  Compiling CUDA source file ..\src\crop_layer_kernels.cu...
  Compiling CUDA source file ..\src\dropout_layer_kernels.cu...
  
  C:\darknet\build>"C:\Program Files\NVIDIA GPU Computing Toolkit\CUDA\v10.1\bin\nvcc.exe" -gencode=arch=compute_30,code=\"compute_30,compute_30\" -gencode=arch=compute_30,code=\"sm_30,compute_30\" --use-local-env -ccbin "C:\Program Files (x86)\Microsoft Visual Studio\2019\Community\VC\Tools\MSVC\14.28.29333\bin\HostX64\x64" -x cu  -IC:\darknet\include -IC:\darknet\src -IC:\darknet\3rdparty\stb\include -I"C:\Program Files\NVIDIA GPU Computing Toolkit\CUDA\v10.1\include" -IC:\darknet\3rdparty\pthreads\include -I"C:\Program Files\NVIDIA GPU Computing Toolkit\CUDA\v10.1\include"     --keep-dir x64\Release -maxrregcount=0  --machine 64 --compile -cudart shared -Wno-deprecated-declarations -Xcompiler="/wd4013,/wd4018,/wd4028,/wd4047,/wd4068,/wd4090,/wd4101,/wd4113,/wd4133,/wd4190,/wd4244,/wd4267,/wd4305,/wd4477,/wd4996,/wd4819,/fp:fast,/DGPU,/DCUDNN /EHsc -Ob2"    -D_WINDOWS -DNDEBUG -DUSE_CMAKE_LIBS -DCUDNN -D_CRT_RAND_S -DNOMINMAX -D_USE_MATH_DEFINES -DGPU -D_TIMESPEC_DEFINED -D"CMAKE_INTDIR=\"Release\"" -DWIN32 -D_WINDOWS -DNDEBUG -DUSE_CMAKE_LIBS -DCUDNN -D_CRT_RAND_S -DNOMINMAX -D_USE_MATH_DEFINES -DGPU -D_TIMESPEC_DEFINED -D"CMAKE_INTDIR=\"Release\"" -D_MBCS -Xcompiler "/EHsc /W3 /nologo /O2 /Fddarknet.dir\Release\vc142.pdb /FS /Zi  /MD /GR" -o darknet.dir\Release\blas_kernels.obj "C:\darknet\src\blas_kernels.cu" 
  
  C:\darknet\build>"C:\Program Files\NVIDIA GPU Computing Toolkit\CUDA\v10.1\bin\nvcc.exe" -gencode=arch=compute_30,code=\"compute_30,compute_30\" -gencode=arch=compute_30,code=\"sm_30,compute_30\" --use-local-env -ccbin "C:\Program Files (x86)\Microsoft Visual Studio\2019\Community\VC\Tools\MSVC\14.28.29333\bin\HostX64\x64" -x cu  -IC:\darknet\include -IC:\darknet\src -IC:\darknet\3rdparty\stb\include -I"C:\Program Files\NVIDIA GPU Computing Toolkit\CUDA\v10.1\include" -IC:\darknet\3rdparty\pthreads\include -I"C:\Program Files\NVIDIA GPU Computing Toolkit\CUDA\v10.1\include"     --keep-dir x64\Release -maxrregcount=0  --machine 64 --compile -cudart shared -Wno-deprecated-declarations -Xcompiler="/wd4013,/wd4018,/wd4028,/wd4047,/wd4068,/wd4090,/wd4101,/wd4113,/wd4133,/wd4190,/wd4244,/wd4267,/wd4305,/wd4477,/wd4996,/wd4819,/fp:fast,/DGPU,/DCUDNN /EHsc -Ob2"    -D_WINDOWS -DNDEBUG -DUSE_CMAKE_LIBS -DCUDNN -D_CRT_RAND_S -DNOMINMAX -D_USE_MATH_DEFINES -DGPU -D_TIMESPEC_DEFINED -D"CMAKE_INTDIR=\"Release\"" -DWIN32 -D_WINDOWS -DNDEBUG -DUSE_CMAKE_LIBS -DCUDNN -D_CRT_RAND_S -DNOMINMAX -D_USE_MATH_DEFINES -DGPU -D_TIMESPEC_DEFINED -D"CMAKE_INTDIR=\"Release\"" -D_MBCS -Xcompiler "/EHsc /W3 /nologo /O2 /Fddarknet.dir\Release\vc142.pdb /FS /Zi  /MD /GR" -o darknet.dir\Release\activation_kernels.obj "C:\darknet\src\activation_kernels.cu" 
  
  
  
  C:\darknet\build>"C:\Program Files\NVIDIA GPU Computing Toolkit\CUDA\v10.1\bin\nvcc.exe" -gencode=arch=compute_30,code=\"compute_30,compute_30\" -gencode=arch=compute_30,code=\"sm_30,compute_30\" --use-local-env -ccbin "C:\Program Files (x86)\Microsoft Visual Studio\2019\Community\VC\Tools\MSVC\14.28.29333\bin\HostX64\x64" -x cu  -IC:\darknet\include -IC:\darknet\src -IC:\darknet\3rdparty\stb\include -I"C:\Program Files\NVIDIA GPU Computing Toolkit\CUDA\v10.1\include" -IC:\darknet\3rdparty\pthreads\include -I"C:\Program Files\NVIDIA GPU Computing Toolkit\CUDA\v10.1\include"     --keep-dir x64\Release -maxrregcount=0  --machine 64 --compile -cudart shared -Wno-deprecated-declarations -Xcompiler="/wd4013,/wd4018,/wd4028,/wd4047,/wd4068,/wd4090,/wd4101,/wd4113,/wd4133,/wd4190,/wd4244,/wd4267,/wd4305,/wd4477,/wd4996,/wd4819,/fp:fast,/DGPU,/DCUDNN /EHsc -Ob2"    -D_WINDOWS -DNDEBUG -DUSE_CMAKE_LIBS -DCUDNN -D_CRT_RAND_S -DNOMINMAX -D_USE_MATH_DEFINES -DGPU -D_TIMESPEC_DEFINED -D"CMAKE_INTDIR=\"Release\"" -DWIN32 -D_WINDOWS -DNDEBUG -DUSE_CMAKE_LIBS -DCUDNN -D_CRT_RAND_S -DNOMINMAX -D_USE_MATH_DEFINES -DGPU -D_TIMESPEC_DEFINED -D"CMAKE_INTDIR=\"Release\"" -D_MBCS -Xcompiler "/EHsc /W3 /nologo /O2 /Fddarknet.dir\Release\vc142.pdb /FS /Zi  /MD /GR" -o darknet.dir\Release\avgpool_layer_kernels.obj "C:\darknet\src\avgpool_layer_kernels.cu" 
  
  
  C:\darknet\build>"C:\Program Files\NVIDIA GPU Computing Toolkit\CUDA\v10.1\bin\nvcc.exe" -gencode=arch=compute_30,code=\"compute_30,compute_30\" -gencode=arch=compute_30,code=\"sm_30,compute_30\" --use-local-env -ccbin "C:\Program Files (x86)\Microsoft Visual Studio\2019\Community\VC\Tools\MSVC\14.28.29333\bin\HostX64\x64" -x cu  -IC:\darknet\include -IC:\darknet\src -IC:\darknet\3rdparty\stb\include -I"C:\Program Files\NVIDIA GPU Computing Toolkit\CUDA\v10.1\include" -IC:\darknet\3rdparty\pthreads\include -I"C:\Program Files\NVIDIA GPU Computing Toolkit\CUDA\v10.1\include"     --keep-dir x64\Release -maxrregcount=0  --machine 64 --compile -cudart shared -Wno-deprecated-declarations -Xcompiler="/wd4013,/wd4018,/wd4028,/wd4047,/wd4068,/wd4090,/wd4101,/wd4113,/wd4133,/wd4190,/wd4244,/wd4267,/wd4305,/wd4477,/wd4996,/wd4819,/fp:fast,/DGPU,/DCUDNN /EHsc -Ob2"    -D_WINDOWS -DNDEBUG -DUSE_CMAKE_LIBS -DCUDNN -D_CRT_RAND_S -DNOMINMAX -D_USE_MATH_DEFINES -DGPU -D_TIMESPEC_DEFINED -D"CMAKE_INTDIR=\"Release\"" -DWIN32 -D_WINDOWS -DNDEBUG -DUSE_CMAKE_LIBS -DCUDNN -D_CRT_RAND_S -DNOMINMAX -D_USE_MATH_DEFINES -DGPU -D_TIMESPEC_DEFINED -D"CMAKE_INTDIR=\"Release\"" -D_MBCS -Xcompiler "/EHsc /W3 /nologo /O2 /Fddarknet.dir\Release\vc142.pdb /FS /Zi  /MD /GR" -o darknet.dir\Release\col2im_kernels.obj "C:\darknet\src\col2im_kernels.cu" 
  C:\darknet\build>"C:\Program Files\NVIDIA GPU Computing Toolkit\CUDA\v10.1\bin\nvcc.exe" -gencode=arch=compute_30,code=\"compute_30,compute_30\" -gencode=arch=compute_30,code=\"sm_30,compute_30\" --use-local-env -ccbin "C:\Program Files (x86)\Microsoft Visual Studio\2019\Community\VC\Tools\MSVC\14.28.29333\bin\HostX64\x64" -x cu  -IC:\darknet\include -IC:\darknet\src -IC:\darknet\3rdparty\stb\include -I"C:\Program Files\NVIDIA GPU Computing Toolkit\CUDA\v10.1\include" -IC:\darknet\3rdparty\pthreads\include -I"C:\Program Files\NVIDIA GPU Computing Toolkit\CUDA\v10.1\include"     --keep-dir x64\Release -maxrregcount=0  --machine 64 --compile -cudart shared -Wno-deprecated-declarations -Xcompiler="/wd4013,/wd4018,/wd4028,/wd4047,/wd4068,/wd4090,/wd4101,/wd4113,/wd4133,/wd4190,/wd4244,/wd4267,/wd4305,/wd4477,/wd4996,/wd4819,/fp:fast,/DGPU,/DCUDNN /EHsc -Ob2"    -D_WINDOWS -DNDEBUG -DUSE_CMAKE_LIBS -DCUDNN -D_CRT_RAND_S -DNOMINMAX -D_USE_MATH_DEFINES -DGPU -D_TIMESPEC_DEFINED -D"CMAKE_INTDIR=\"Release\"" -DWIN32 -D_WINDOWS -DNDEBUG -DUSE_CMAKE_LIBS -DCUDNN -D_CRT_RAND_S -DNOMINMAX -D_USE_MATH_DEFINES -DGPU -D_TIMESPEC_DEFINED -D"CMAKE_INTDIR=\"Release\"" -D_MBCS -Xcompiler "/EHsc /W3 /nologo /O2 /Fddarknet.dir\Release\vc142.pdb /FS /Zi  /MD /GR" -o darknet.dir\Release\deconvolutional_kernels.obj "C:\darknet\src\deconvolutional_kernels.cu" 
  C:\darknet\build>"C:\Program Files\NVIDIA GPU Computing Toolkit\CUDA\v10.1\bin\nvcc.exe" -gencode=arch=compute_30,code=\"compute_30,compute_30\" -gencode=arch=compute_30,code=\"sm_30,compute_30\" --use-local-env -ccbin "C:\Program Files (x86)\Microsoft Visual Studio\2019\Community\VC\Tools\MSVC\14.28.29333\bin\HostX64\x64" -x cu  -IC:\darknet\include -IC:\darknet\src -IC:\darknet\3rdparty\stb\include -I"C:\Program Files\NVIDIA GPU Computing Toolkit\CUDA\v10.1\include" -IC:\darknet\3rdparty\pthreads\include -I"C:\Program Files\NVIDIA GPU Computing Toolkit\CUDA\v10.1\include"     --keep-dir x64\Release -maxrregcount=0  --machine 64 --compile -cudart shared -Wno-deprecated-declarations -Xcompiler="/wd4013,/wd4018,/wd4028,/wd4047,/wd4068,/wd4090,/wd4101,/wd4113,/wd4133,/wd4190,/wd4244,/wd4267,/wd4305,/wd4477,/wd4996,/wd4819,/fp:fast,/DGPU,/DCUDNN /EHsc -Ob2"    -D_WINDOWS -DNDEBUG -DUSE_CMAKE_LIBS -DCUDNN -D_CRT_RAND_S -DNOMINMAX -D_USE_MATH_DEFINES -DGPU -D_TIMESPEC_DEFINED -D"CMAKE_INTDIR=\"Release\"" -DWIN32 -D_WINDOWS -DNDEBUG -DUSE_CMAKE_LIBS -DCUDNN -D_CRT_RAND_S -DNOMINMAX -D_USE_MATH_DEFINES -DGPU -D_TIMESPEC_DEFINED -D"CMAKE_INTDIR=\"Release\"" -D_MBCS -Xcompiler "/EHsc /W3 /nologo /O2 /Fddarknet.dir\Release\vc142.pdb /FS /Zi  /MD /GR" -o darknet.dir\Release\crop_layer_kernels.obj "C:\darknet\src\crop_layer_kernels.cu" 
  C:\darknet\build>"C:\Program Files\NVIDIA GPU Computing Toolkit\CUDA\v10.1\bin\nvcc.exe" -gencode=arch=compute_30,code=\"compute_30,compute_30\" -gencode=arch=compute_30,code=\"sm_30,compute_30\" --use-local-env -ccbin "C:\Program Files (x86)\Microsoft Visual Studio\2019\Community\VC\Tools\MSVC\14.28.29333\bin\HostX64\x64" -x cu  -IC:\darknet\include -IC:\darknet\src -IC:\darknet\3rdparty\stb\include -I"C:\Program Files\NVIDIA GPU Computing Toolkit\CUDA\v10.1\include" -IC:\darknet\3rdparty\pthreads\include -I"C:\Program Files\NVIDIA GPU Computing Toolkit\CUDA\v10.1\include"     --keep-dir x64\Release -maxrregcount=0  --machine 64 --compile -cudart shared -Wno-deprecated-declarations -Xcompiler="/wd4013,/wd4018,/wd4028,/wd4047,/wd4068,/wd4090,/wd4101,/wd4113,/wd4133,/wd4190,/wd4244,/wd4267,/wd4305,/wd4477,/wd4996,/wd4819,/fp:fast,/DGPU,/DCUDNN /EHsc -Ob2"    -D_WINDOWS -DNDEBUG -DUSE_CMAKE_LIBS -DCUDNN -D_CRT_RAND_S -DNOMINMAX -D_USE_MATH_DEFINES -DGPU -D_TIMESPEC_DEFINED -D"CMAKE_INTDIR=\"Release\"" -DWIN32 -D_WINDOWS -DNDEBUG -DUSE_CMAKE_LIBS -DCUDNN -D_CRT_RAND_S -DNOMINMAX -D_USE_MATH_DEFINES -DGPU -D_TIMESPEC_DEFINED -D"CMAKE_INTDIR=\"Release\"" -D_MBCS -Xcompiler "/EHsc /W3 /nologo /O2 /Fddarknet.dir\Release\vc142.pdb /FS /Zi  /MD /GR" -o darknet.dir\Release\convolutional_kernels.obj "C:\darknet\src\convolutional_kernels.cu" 
  
  C:\darknet\build>"C:\Program Files\NVIDIA GPU Computing Toolkit\CUDA\v10.1\bin\nvcc.exe" -gencode=arch=compute_30,code=\"compute_30,compute_30\" -gencode=arch=compute_30,code=\"sm_30,compute_30\" --use-local-env -ccbin "C:\Program Files (x86)\Microsoft Visual Studio\2019\Community\VC\Tools\MSVC\14.28.29333\bin\HostX64\x64" -x cu  -IC:\darknet\include -IC:\darknet\src -IC:\darknet\3rdparty\stb\include -I"C:\Program Files\NVIDIA GPU Computing Toolkit\CUDA\v10.1\include" -IC:\darknet\3rdparty\pthreads\include -I"C:\Program Files\NVIDIA GPU Computing Toolkit\CUDA\v10.1\include"     --keep-dir x64\Release -maxrregcount=0  --machine 64 --compile -cudart shared -Wno-deprecated-declarations -Xcompiler="/wd4013,/wd4018,/wd4028,/wd4047,/wd4068,/wd4090,/wd4101,/wd4113,/wd4133,/wd4190,/wd4244,/wd4267,/wd4305,/wd4477,/wd4996,/wd4819,/fp:fast,/DGPU,/DCUDNN /EHsc -Ob2"    -D_WINDOWS -DNDEBUG -DUSE_CMAKE_LIBS -DCUDNN -D_CRT_RAND_S -DNOMINMAX -D_USE_MATH_DEFINES -DGPU -D_TIMESPEC_DEFINED -D"CMAKE_INTDIR=\"Release\"" -DWIN32 -D_WINDOWS -DNDEBUG -DUSE_CMAKE_LIBS -DCUDNN -D_CRT_RAND_S -DNOMINMAX -D_USE_MATH_DEFINES -DGPU -D_TIMESPEC_DEFINED -D"CMAKE_INTDIR=\"Release\"" -D_MBCS -Xcompiler "/EHsc /W3 /nologo /O2 /Fddarknet.dir\Release\vc142.pdb /FS /Zi  /MD /GR" -o darknet.dir\Release\dropout_layer_kernels.obj "C:\darknet\src\dropout_layer_kernels.cu" 
C:/darknet/src/blas_kernels.cu(1086): warning : variable "out_index" was declared but never referenced
C:/darknet/src/blas_kernels.cu(1130): warning : variable "step" was set but never used
C:/darknet/src/blas_kernels.cu(1736): warning : variable "stage_id" was declared but never referenced
C:/darknet/src/activation_kernels.cu(263): warning : variable "MISH_THRESHOLD" was declared but never referenced
C:/darknet/src/dropout_layer_kernels.cu(140): warning : variable "cur_scale" was declared but never referenced
C:/darknet/src/dropout_layer_kernels.cu(245): warning : variable "cur_scale" was declared but never referenced
C:/darknet/src/dropout_layer_kernels.cu(262): warning : variable "block_prob" was declared but never referenced
  crop_layer_kernels.cu
  deconvolutional_kernels.cu
  convolutional_kernels.cu
  avgpool_layer_kernels.cu
  col2im_kernels.cu
  Compiling CUDA source file ..\src\im2col_kernels.cu...
  Compiling CUDA source file ..\src\maxpool_layer_kernels.cu...
  dropout_layer_kernels.cu
  Compiling CUDA source file ..\src\network_kernels.cu...
  activation_kernels.cu
  
  
  C:\darknet\build>"C:\Program Files\NVIDIA GPU Computing Toolkit\CUDA\v10.1\bin\nvcc.exe" -gencode=arch=compute_30,code=\"compute_30,compute_30\" -gencode=arch=compute_30,code=\"sm_30,compute_30\" --use-local-env -ccbin "C:\Program Files (x86)\Microsoft Visual Studio\2019\Community\VC\Tools\MSVC\14.28.29333\bin\HostX64\x64" -x cu  -IC:\darknet\include -IC:\darknet\src -IC:\darknet\3rdparty\stb\include -I"C:\Program Files\NVIDIA GPU Computing Toolkit\CUDA\v10.1\include" -IC:\darknet\3rdparty\pthreads\include -I"C:\Program Files\NVIDIA GPU Computing Toolkit\CUDA\v10.1\include"     --keep-dir x64\Release -maxrregcount=0  --machine 64 --compile -cudart shared -Wno-deprecated-declarations -Xcompiler="/wd4013,/wd4018,/wd4028,/wd4047,/wd4068,/wd4090,/wd4101,/wd4113,/wd4133,/wd4190,/wd4244,/wd4267,/wd4305,/wd4477,/wd4996,/wd4819,/fp:fast,/DGPU,/DCUDNN /EHsc -Ob2"    -D_WINDOWS -DNDEBUG -DUSE_CMAKE_LIBS -DCUDNN -D_CRT_RAND_S -DNOMINMAX -D_USE_MATH_DEFINES -DGPU -D_TIMESPEC_DEFINED -D"CMAKE_INTDIR=\"Release\"" -DWIN32 -D_WINDOWS -DNDEBUG -DUSE_CMAKE_LIBS -DCUDNN -D_CRT_RAND_S -DNOMINMAX -D_USE_MATH_DEFINES -DGPU -D_TIMESPEC_DEFINED -D"CMAKE_INTDIR=\"Release\"" -D_MBCS -Xcompiler "/EHsc /W3 /nologo /O2 /Fddarknet.dir\Release\vc142.pdb /FS /Zi  /MD /GR" -o darknet.dir\Release\im2col_kernels.obj "C:\darknet\src\im2col_kernels.cu" 
  C:\darknet\build>"C:\Program Files\NVIDIA GPU Computing Toolkit\CUDA\v10.1\bin\nvcc.exe" -gencode=arch=compute_30,code=\"compute_30,compute_30\" -gencode=arch=compute_30,code=\"sm_30,compute_30\" --use-local-env -ccbin "C:\Program Files (x86)\Microsoft Visual Studio\2019\Community\VC\Tools\MSVC\14.28.29333\bin\HostX64\x64" -x cu  -IC:\darknet\include -IC:\darknet\src -IC:\darknet\3rdparty\stb\include -I"C:\Program Files\NVIDIA GPU Computing Toolkit\CUDA\v10.1\include" -IC:\darknet\3rdparty\pthreads\include -I"C:\Program Files\NVIDIA GPU Computing Toolkit\CUDA\v10.1\include"     --keep-dir x64\Release -maxrregcount=0  --machine 64 --compile -cudart shared -Wno-deprecated-declarations -Xcompiler="/wd4013,/wd4018,/wd4028,/wd4047,/wd4068,/wd4090,/wd4101,/wd4113,/wd4133,/wd4190,/wd4244,/wd4267,/wd4305,/wd4477,/wd4996,/wd4819,/fp:fast,/DGPU,/DCUDNN /EHsc -Ob2"    -D_WINDOWS -DNDEBUG -DUSE_CMAKE_LIBS -DCUDNN -D_CRT_RAND_S -DNOMINMAX -D_USE_MATH_DEFINES -DGPU -D_TIMESPEC_DEFINED -D"CMAKE_INTDIR=\"Release\"" -DWIN32 -D_WINDOWS -DNDEBUG -DUSE_CMAKE_LIBS -DCUDNN -D_CRT_RAND_S -DNOMINMAX -D_USE_MATH_DEFINES -DGPU -D_TIMESPEC_DEFINED -D"CMAKE_INTDIR=\"Release\"" -D_MBCS -Xcompiler "/EHsc /W3 /nologo /O2 /Fddarknet.dir\Release\vc142.pdb /FS /Zi  /MD /GR" -o darknet.dir\Release\maxpool_layer_kernels.obj "C:\darknet\src\maxpool_layer_kernels.cu" 
  
  C:\darknet\build>"C:\Program Files\NVIDIA GPU Computing Toolkit\CUDA\v10.1\bin\nvcc.exe" -gencode=arch=compute_30,code=\"compute_30,compute_30\" -gencode=arch=compute_30,code=\"sm_30,compute_30\" --use-local-env -ccbin "C:\Program Files (x86)\Microsoft Visual Studio\2019\Community\VC\Tools\MSVC\14.28.29333\bin\HostX64\x64" -x cu  -IC:\darknet\include -IC:\darknet\src -IC:\darknet\3rdparty\stb\include -I"C:\Program Files\NVIDIA GPU Computing Toolkit\CUDA\v10.1\include" -IC:\darknet\3rdparty\pthreads\include -I"C:\Program Files\NVIDIA GPU Computing Toolkit\CUDA\v10.1\include"     --keep-dir x64\Release -maxrregcount=0  --machine 64 --compile -cudart shared -Wno-deprecated-declarations -Xcompiler="/wd4013,/wd4018,/wd4028,/wd4047,/wd4068,/wd4090,/wd4101,/wd4113,/wd4133,/wd4190,/wd4244,/wd4267,/wd4305,/wd4477,/wd4996,/wd4819,/fp:fast,/DGPU,/DCUDNN /EHsc -Ob2"    -D_WINDOWS -DNDEBUG -DUSE_CMAKE_LIBS -DCUDNN -D_CRT_RAND_S -DNOMINMAX -D_USE_MATH_DEFINES -DGPU -D_TIMESPEC_DEFINED -D"CMAKE_INTDIR=\"Release\"" -DWIN32 -D_WINDOWS -DNDEBUG -DUSE_CMAKE_LIBS -DCUDNN -D_CRT_RAND_S -DNOMINMAX -D_USE_MATH_DEFINES -DGPU -D_TIMESPEC_DEFINED -D"CMAKE_INTDIR=\"Release\"" -D_MBCS -Xcompiler "/EHsc /W3 /nologo /O2 /Fddarknet.dir\Release\vc142.pdb /FS /Zi  /MD /GR" -o darknet.dir\Release\network_kernels.obj "C:\darknet\src\network_kernels.cu" 
C:/darknet/src/network_kernels.cu(364): warning : variable "l" was declared but never referenced
  blas_kernels.cu
  network_kernels.cu
  maxpool_layer_kernels.cu
  im2col_kernels.cu
  Microsoft (R) C/C++ Optimizing Compiler Version 19.28.29337 for x64
  Copyright (C) Microsoft Corporation.  All rights reserved.
  cl /c /IC:\darknet\include /IC:\darknet\src /IC:\darknet\3rdparty\stb\include /I"C:\Program Files\NVIDIA GPU Computing Toolkit\CUDA\v10.1\include" /IC:\darknet\3rdparty\pthreads\include /I"C:\Program Files\NVIDIA GPU Computing Toolkit\CUDA\v10.1\include" /W3 /WX- /diagnostics:column /Ox /Ob2 /D WIN32 /D _WINDOWS /D NDEBUG /D USE_CMAKE_LIBS /D CUDNN /D _CRT_RAND_S /D NOMINMAX /D _USE_MATH_DEFINES /D GPU /D _TIMESPEC_DEFINED /D "CMAKE_INTDIR=\"Release\"" /D _MBCS /Gm- /EHsc /MD /GS /fp:fast /Zc:wchar_t /Zc:forScope /Zc:inline /GR /openmp /Fo"darknet.dir\Release\\" /Fd"darknet.dir\Release\vc142.pdb" /Gd /TC /wd4013 /wd4018 /wd4028 /wd4047 /wd4068 /wd4090 /wd4101 /wd4113 /wd4133 /wd4190 /wd4244 /wd4267 /wd4305 /wd4477 /wd4996 /wd4819 /errorReport:prompt C:\darknet\src\darknet.c C:\darknet\src\activation_layer.c C:\darknet\src\activations.c C:\darknet\src\art.c C:\darknet\src\avgpool_layer.c C:\darknet\src\batchnorm_layer.c C:\darknet\src\blas.c C:\darknet\src\box.c C:\darknet\src\captcha.c C:\darknet\src\cifar.c C:\darknet\src\classifier.c C:\darknet\src\coco.c C:\darknet\src\col2im.c C:\darknet\src\compare.c C:\darknet\src\connected_layer.c C:\darknet\src\conv_lstm_layer.c C:\darknet\src\convolutional_layer.c C:\darknet\src\cost_layer.c C:\darknet\src\cpu_gemm.c C:\darknet\src\crnn_layer.c C:\darknet\src\crop_layer.c C:\darknet\src\dark_cuda.c C:\darknet\src\data.c C:\darknet\src\deconvolutional_layer.c C:\darknet\src\demo.c C:\darknet\src\detection_layer.c C:\darknet\src\detector.c C:\darknet\src\dice.c C:\darknet\src\dropout_layer.c C:\darknet\src\gaussian_yolo_layer.c C:\darknet\src\gemm.c C:\darknet\src\getopt.c C:\darknet\src\gettimeofday.c C:\darknet\src\go.c C:\darknet\src\gru_layer.c C:\darknet\src\im2col.c C:\darknet\src\image.c C:\darknet\src\layer.c C:\darknet\src\list.c C:\darknet\src\local_layer.c C:\darknet\src\lstm_layer.c C:\darknet\src\matrix.c C:\darknet\src\maxpool_layer.c C:\darknet\src\network.c C:\darknet\src\nightmare.c C:\darknet\src\normalization_layer.c C:\darknet\src\option_list.c C:\darknet\src\parser.c C:\darknet\src\region_layer.c C:\darknet\src\reorg_layer.c C:\darknet\src\reorg_old_layer.c C:\darknet\src\rnn.c C:\darknet\src\rnn_layer.c C:\darknet\src\rnn_vid.c C:\darknet\src\route_layer.c C:\darknet\src\sam_layer.c C:\darknet\src\scale_channels_layer.c C:\darknet\src\shortcut_layer.c C:\darknet\src\softmax_layer.c C:\darknet\src\super.c C:\darknet\src\swag.c C:\darknet\src\tag.c C:\darknet\src\tree.c C:\darknet\src\upsample_layer.c C:\darknet\src\utils.c C:\darknet\src\voxel.c C:\darknet\src\writing.c C:\darknet\src\yolo.c C:\darknet\src\yolo_layer.c
  darknet.c
  activation_layer.c
  activations.c
  art.c
  avgpool_layer.c
  batchnorm_layer.c
  blas.c
  box.c
  captcha.c
  cifar.c
  classifier.c
  coco.c
  col2im.c
  compare.c
  connected_layer.c
  conv_lstm_layer.c
  convolutional_layer.c
  cost_layer.c
  cpu_gemm.c
  crnn_layer.c
  Generating Code...
  Compiling...
  crop_layer.c
  dark_cuda.c
  data.c
  deconvolutional_layer.c
  demo.c
  detection_layer.c
  detector.c
  dice.c
  dropout_layer.c
  gaussian_yolo_layer.c
  gemm.c
  getopt.c
  gettimeofday.c
  go.c
  gru_layer.c
  im2col.c
  image.c
  layer.c
  list.c
  local_layer.c
  Generating Code...
  Compiling...
  lstm_layer.c
  matrix.c
  maxpool_layer.c
  network.c
  nightmare.c
  normalization_layer.c
  option_list.c
  parser.c
  region_layer.c
  reorg_layer.c
  reorg_old_layer.c
  rnn.c
  rnn_layer.c
  rnn_vid.c
  route_layer.c
  sam_layer.c
  scale_channels_layer.c
  shortcut_layer.c
  softmax_layer.c
  super.c
  Generating Code...
  Compiling...
  swag.c
  tag.c
  tree.c
  upsample_layer.c
  utils.c
  voxel.c
  writing.c
  yolo.c
  yolo_layer.c
  Generating Code...
  Microsoft (R) C/C++ Optimizing Compiler Version 19.28.29337 for x64
  Copyright (C) Microsoft Corporation.  All rights reserved.
  cl /c /IC:\darknet\include /IC:\darknet\src /IC:\darknet\3rdparty\stb\include /I"C:\Program Files\NVIDIA GPU Computing Toolkit\CUDA\v10.1\include" /IC:\darknet\3rdparty\pthreads\include /I"C:\Program Files\NVIDIA GPU Computing Toolkit\CUDA\v10.1\include" /W3 /WX- /diagnostics:column /Ox /Ob2 /D WIN32 /D _WINDOWS /D NDEBUG /D USE_CMAKE_LIBS /D CUDNN /D _CRT_RAND_S /D NOMINMAX /D _USE_MATH_DEFINES /D GPU /D _TIMESPEC_DEFINED /D "CMAKE_INTDIR=\"Release\"" /D _MBCS /Gm- /EHsc /MD /GS /fp:fast /Zc:wchar_t /Zc:forScope /Zc:inline /GR /openmp /Fo"darknet.dir\Release\\" /Fd"darknet.dir\Release\vc142.pdb" /Gd /TP /wd4013 /wd4018 /wd4028 /wd4047 /wd4068 /wd4090 /wd4101 /wd4113 /wd4133 /wd4190 /wd4244 /wd4267 /wd4305 /wd4477 /wd4996 /wd4819 /errorReport:prompt C:\darknet\src\http_stream.cpp C:\darknet\src\image_opencv.cpp
  http_stream.cpp
  image_opencv.cpp
  Generating Code...
  darknet.vcxproj -> C:\darknet\build\Release\darknet.exe
